<?xml version="1.0" encoding="UTF-8"?>
<testsuite name="HotelReservationTest" tests="1" skipped="0" failures="0" errors="0" timestamp="2021-08-09T04:23:56" hostname="DESKTOP-TLRN2B1" time="0.044">
  <properties/>
  <testcase name="checkingIfHotelIsAdded()" classname="HotelReservationTest" time="0.044"/>
  <system-out><![CDATA[Hotel LakeWood Added
]]></system-out>
  <system-err><![CDATA[]]></system-err>
</testsuite>
